# JRE version: OpenJDK Runtime Environment Temurin-21.0.8+9 (21.0.8+9) (build 21.0.8+9-LTS)
# Java VM: OpenJDK 64-Bit Server VM Temurin-21.0.8+9 (21.0.8+9-LTS, mixed mode, sharing, tiered, compressed oops, compressed class ptrs, parallel gc, bsd-amd64)
GC Precious Log:
 CardTable entry size: 512
 CPUs: 16 total, 16 available
 Memory: 65536M
 Large Page Support: Disabled
 NUMA Support: Disabled
 Compressed Oops: Enabled (Zero based)
 Alignments: Space 512K, Generation 512K, Heap 2M
 Heap Min Capacity: 100M
 Heap Initial Capacity: 100M
 Heap Max Capacity: 2G
 Pre-touch: Disabled
 Parallel Workers: 13
Heap:
 PSYoungGen      total 22528K, used 0K [0x00000007d5580000, 0x00000007d6d80000, 0x0000000800000000)
  eden space 22016K, 0% used [0x00000007d5580000,0x00000007d5580000,0x00000007d6b00000)
  from space 512K, 0% used [0x00000007d6d00000,0x00000007d6d00000,0x00000007d6d80000)
  to   space 1024K, 0% used [0x00000007d6b80000,0x00000007d6b80000,0x00000007d6c80000)
 ParOldGen       total 68608K, used 40934K [0x0000000780000000, 0x0000000784300000, 0x00000007d5580000)
  object space 68608K, 59% used [0x0000000780000000,0x00000007827f9a58,0x0000000784300000)
 Metaspace       used 58644K, committed 60096K, reserved 1114112K
  class space    used 6188K, committed 6848K, reserved 1048576K
GC Heap History (20 events):
Event: 3.815 GC heap after
{Heap after GC invocations=31 (full 2):
 PSYoungGen      total 24576K, used 2548K [0x00000007d5580000, 0x00000007d7700000, 0x0000000800000000)
  eden space 22016K, 0% used [0x00000007d5580000,0x00000007d5580000,0x00000007d6b00000)
  from space 2560K, 99% used [0x00000007d6b00000,0x00000007d6d7d3c8,0x00000007d6d80000)
  to   space 6144K, 0% used [0x00000007d7100000,0x00000007d7100000,0x00000007d7700000)
 ParOldGen       total 68608K, used 38816K [0x0000000780000000, 0x0000000784300000, 0x00000007d5580000)
  object space 68608K, 56% used [0x0000000780000000,0x00000007825e83f0,0x0000000784300000)
 Metaspace       used 48490K, committed 49600K, reserved 1114112K
  class space    used 5217K, committed 5696K, reserved 1048576K
}
Event: 3.905 GC heap before
{Heap before GC invocations=32 (full 2):
 PSYoungGen      total 24576K, used 24564K [0x00000007d5580000, 0x00000007d7700000, 0x0000000800000000)
  eden space 22016K, 100% used [0x00000007d5580000,0x00000007d6b00000,0x00000007d6b00000)
  from space 2560K, 99% used [0x00000007d6b00000,0x00000007d6d7d3c8,0x00000007d6d80000)
  to   space 6144K, 0% used [0x00000007d7100000,0x00000007d7100000,0x00000007d7700000)
 ParOldGen       total 68608K, used 38816K [0x0000000780000000, 0x0000000784300000, 0x00000007d5580000)
  object space 68608K, 56% used [0x0000000780000000,0x00000007825e83f0,0x0000000784300000)
 Metaspace       used 49436K, committed 50624K, reserved 1114112K
  class space    used 5339K, committed 5824K, reserved 1048576K
}
Event: 3.907 GC heap after
{Heap after GC invocations=32 (full 2):
 PSYoungGen      total 22528K, used 480K [0x00000007d5580000, 0x00000007d7180000, 0x0000000800000000)
  eden space 22016K, 0% used [0x00000007d5580000,0x00000007d5580000,0x00000007d6b00000)
  from space 512K, 93% used [0x00000007d7100000,0x00000007d7178000,0x00000007d7180000)
  to   space 2560K, 0% used [0x00000007d6c80000,0x00000007d6c80000,0x00000007d6f00000)
 ParOldGen       total 68608K, used 41402K [0x0000000780000000, 0x0000000784300000, 0x00000007d5580000)
  object space 68608K, 60% used [0x0000000780000000,0x000000078286e878,0x0000000784300000)
 Metaspace       used 49436K, committed 50624K, reserved 1114112K
  class space    used 5339K, committed 5824K, reserved 1048576K
}
Event: 3.966 GC heap before
{Heap before GC invocations=33 (full 2):
 PSYoungGen      total 22528K, used 22496K [0x00000007d5580000, 0x00000007d7180000, 0x0000000800000000)
  eden space 22016K, 100% used [0x00000007d5580000,0x00000007d6b00000,0x00000007d6b00000)
  from space 512K, 93% used [0x00000007d7100000,0x00000007d7178000,0x00000007d7180000)
  to   space 2560K, 0% used [0x00000007d6c80000,0x00000007d6c80000,0x00000007d6f00000)
 ParOldGen       total 68608K, used 41402K [0x0000000780000000, 0x0000000784300000, 0x00000007d5580000)
  object space 68608K, 60% used [0x0000000780000000,0x000000078286e878,0x0000000784300000)
 Metaspace       used 50165K, committed 51328K, reserved 1114112K
  class space    used 5403K, committed 5888K, reserved 1048576K
}
Event: 3.968 GC heap after
{Heap after GC invocations=33 (full 2):
 PSYoungGen      total 24576K, used 1940K [0x00000007d5580000, 0x00000007d7180000, 0x0000000800000000)
  eden space 22016K, 0% used [0x00000007d5580000,0x00000007d5580000,0x00000007d6b00000)
  from space 2560K, 75% used [0x00000007d6c80000,0x00000007d6e65128,0x00000007d6f00000)
  to   space 2560K, 0% used [0x00000007d6f00000,0x00000007d6f00000,0x00000007d7180000)
 ParOldGen       total 68608K, used 41690K [0x0000000780000000, 0x0000000784300000, 0x00000007d5580000)
  object space 68608K, 60% used [0x0000000780000000,0x00000007828b6878,0x0000000784300000)
 Metaspace       used 50165K, committed 51328K, reserved 1114112K
  class space    used 5403K, committed 5888K, reserved 1048576K
}
Event: 4.011 GC heap before
{Heap before GC invocations=34 (full 2):
 PSYoungGen      total 24576K, used 23956K [0x00000007d5580000, 0x00000007d7180000, 0x0000000800000000)
  eden space 22016K, 100% used [0x00000007d5580000,0x00000007d6b00000,0x00000007d6b00000)
  from space 2560K, 75% used [0x00000007d6c80000,0x00000007d6e65128,0x00000007d6f00000)
  to   space 2560K, 0% used [0x00000007d6f00000,0x00000007d6f00000,0x00000007d7180000)
 ParOldGen       total 68608K, used 41690K [0x0000000780000000, 0x0000000784300000, 0x00000007d5580000)
  object space 68608K, 60% used [0x0000000780000000,0x00000007828b6878,0x0000000784300000)
 Metaspace       used 50627K, committed 51776K, reserved 1114112K
  class space    used 5439K, committed 5952K, reserved 1048576K
}
Event: 4.012 GC heap after
{Heap after GC invocations=34 (full 2):
 PSYoungGen      total 22528K, used 352K [0x00000007d5580000, 0x00000007d6f80000, 0x0000000800000000)
  eden space 22016K, 0% used [0x00000007d5580000,0x00000007d5580000,0x00000007d6b00000)
  from space 512K, 68% used [0x00000007d6f00000,0x00000007d6f58000,0x00000007d6f80000)
  to   space 1024K, 0% used [0x00000007d6d80000,0x00000007d6d80000,0x00000007d6e80000)
 ParOldGen       total 68608K, used 41874K [0x0000000780000000, 0x0000000784300000, 0x00000007d5580000)
  object space 68608K, 61% used [0x0000000780000000,0x00000007828e4878,0x0000000784300000)
 Metaspace       used 50627K, committed 51776K, reserved 1114112K
  class space    used 5439K, committed 5952K, reserved 1048576K
}
Event: 4.175 GC heap before
{Heap before GC invocations=35 (full 2):
 PSYoungGen      total 22528K, used 22367K [0x00000007d5580000, 0x00000007d6f80000, 0x0000000800000000)
  eden space 22016K, 99% used [0x00000007d5580000,0x00000007d6afffd8,0x00000007d6b00000)
  from space 512K, 68% used [0x00000007d6f00000,0x00000007d6f58000,0x00000007d6f80000)
  to   space 1024K, 0% used [0x00000007d6d80000,0x00000007d6d80000,0x00000007d6e80000)
 ParOldGen       total 68608K, used 41874K [0x0000000780000000, 0x0000000784300000, 0x00000007d5580000)
  object space 68608K, 61% used [0x0000000780000000,0x00000007828e4878,0x0000000784300000)
 Metaspace       used 53686K, committed 54912K, reserved 1114112K
  class space    used 5739K, committed 6272K, reserved 1048576K
}
Event: 4.177 GC heap after
{Heap after GC invocations=35 (full 2):
 PSYoungGen      total 23040K, used 984K [0x00000007d5580000, 0x00000007d6f80000, 0x0000000800000000)
  eden space 22016K, 0% used [0x00000007d5580000,0x00000007d5580000,0x00000007d6b00000)
  from space 1024K, 96% used [0x00000007d6d80000,0x00000007d6e761e8,0x00000007d6e80000)
  to   space 1024K, 0% used [0x00000007d6e80000,0x00000007d6e80000,0x00000007d6f80000)
 ParOldGen       total 68608K, used 41930K [0x0000000780000000, 0x0000000784300000, 0x00000007d5580000)
  object space 68608K, 61% used [0x0000000780000000,0x00000007828f2878,0x0000000784300000)
 Metaspace       used 53686K, committed 54912K, reserved 1114112K
  class space    used 5739K, committed 6272K, reserved 1048576K
}
Event: 4.340 GC heap before
{Heap before GC invocations=36 (full 2):
 PSYoungGen      total 23040K, used 23000K [0x00000007d5580000, 0x00000007d6f80000, 0x0000000800000000)
  eden space 22016K, 100% used [0x00000007d5580000,0x00000007d6b00000,0x00000007d6b00000)
  from space 1024K, 96% used [0x00000007d6d80000,0x00000007d6e761e8,0x00000007d6e80000)
  to   space 1024K, 0% used [0x00000007d6e80000,0x00000007d6e80000,0x00000007d6f80000)
 ParOldGen       total 68608K, used 41930K [0x0000000780000000, 0x0000000784300000, 0x00000007d5580000)
  object space 68608K, 61% used [0x0000000780000000,0x00000007828f2878,0x0000000784300000)
 Metaspace       used 56218K, committed 57536K, reserved 1114112K
  class space    used 6008K, committed 6592K, reserved 1048576K
}
Event: 4.342 GC heap after
{Heap after GC invocations=36 (full 2):
 PSYoungGen      total 23040K, used 1003K [0x00000007d5580000, 0x00000007d7000000, 0x0000000800000000)
  eden space 22016K, 0% used [0x00000007d5580000,0x00000007d5580000,0x00000007d6b00000)
  from space 1024K, 97% used [0x00000007d6e80000,0x00000007d6f7ac40,0x00000007d6f80000)
  to   space 2560K, 0% used [0x00000007d6b00000,0x00000007d6b00000,0x00000007d6d80000)
 ParOldGen       total 68608K, used 43184K [0x0000000780000000, 0x0000000784300000, 0x00000007d5580000)
  object space 68608K, 62% used [0x0000000780000000,0x0000000782a2c3c0,0x0000000784300000)
 Metaspace       used 56218K, committed 57536K, reserved 1114112K
  class space    used 6008K, committed 6592K, reserved 1048576K
}
Event: 4.527 GC heap before
{Heap before GC invocations=37 (full 2):
 PSYoungGen      total 23040K, used 23015K [0x00000007d5580000, 0x00000007d7000000, 0x0000000800000000)
  eden space 22016K, 99% used [0x00000007d5580000,0x00000007d6aff248,0x00000007d6b00000)
  from space 1024K, 97% used [0x00000007d6e80000,0x00000007d6f7ac40,0x00000007d6f80000)
  to   space 2560K, 0% used [0x00000007d6b00000,0x00000007d6b00000,0x00000007d6d80000)
 ParOldGen       total 68608K, used 43184K [0x0000000780000000, 0x0000000784300000, 0x00000007d5580000)
  object space 68608K, 62% used [0x0000000780000000,0x0000000782a2c3c0,0x0000000784300000)
 Metaspace       used 57430K, committed 58752K, reserved 1114112K
  class space    used 6104K, committed 6720K, reserved 1048576K
}
Event: 4.536 GC heap after
{Heap after GC invocations=37 (full 2):
 PSYoungGen      total 24064K, used 1654K [0x00000007d5580000, 0x00000007d6f00000, 0x0000000800000000)
  eden space 22016K, 0% used [0x00000007d5580000,0x00000007d5580000,0x00000007d6b00000)
  from space 2048K, 80% used [0x00000007d6b00000,0x00000007d6c9d8f8,0x00000007d6d00000)
  to   space 2048K, 0% used [0x00000007d6d00000,0x00000007d6d00000,0x00000007d6f00000)
 ParOldGen       total 68608K, used 44158K [0x0000000780000000, 0x0000000784300000, 0x00000007d5580000)
  object space 68608K, 64% used [0x0000000780000000,0x0000000782b1fb38,0x0000000784300000)
 Metaspace       used 57430K, committed 58752K, reserved 1114112K
  class space    used 6104K, committed 6720K, reserved 1048576K
}
Event: 4.645 GC heap before
{Heap before GC invocations=38 (full 2):
 PSYoungGen      total 24064K, used 23670K [0x00000007d5580000, 0x00000007d6f00000, 0x0000000800000000)
  eden space 22016K, 100% used [0x00000007d5580000,0x00000007d6b00000,0x00000007d6b00000)
  from space 2048K, 80% used [0x00000007d6b00000,0x00000007d6c9d8f8,0x00000007d6d00000)
  to   space 2048K, 0% used [0x00000007d6d00000,0x00000007d6d00000,0x00000007d6f00000)
 ParOldGen       total 68608K, used 44158K [0x0000000780000000, 0x0000000784300000, 0x00000007d5580000)
  object space 68608K, 64% used [0x0000000780000000,0x0000000782b1fb38,0x0000000784300000)
 Metaspace       used 57613K, committed 58944K, reserved 1114112K
  class space    used 6139K, committed 6720K, reserved 1048576K
}
Event: 4.652 GC heap after
{Heap after GC invocations=38 (full 2):
 PSYoungGen      total 23552K, used 1289K [0x00000007d5580000, 0x00000007d6e80000, 0x0000000800000000)
  eden space 22016K, 0% used [0x00000007d5580000,0x00000007d5580000,0x00000007d6b00000)
  from space 1536K, 83% used [0x00000007d6d00000,0x00000007d6e427a0,0x00000007d6e80000)
  to   space 1536K, 0% used [0x00000007d6b80000,0x00000007d6b80000,0x00000007d6d00000)
 ParOldGen       total 68608K, used 45514K [0x0000000780000000, 0x0000000784300000, 0x00000007d5580000)
  object space 68608K, 66% used [0x0000000780000000,0x0000000782c72b98,0x0000000784300000)
 Metaspace       used 57613K, committed 58944K, reserved 1114112K
  class space    used 6139K, committed 6720K, reserved 1048576K
}
Event: 4.753 GC heap before
{Heap before GC invocations=39 (full 2):
 PSYoungGen      total 23552K, used 22660K [0x00000007d5580000, 0x00000007d6e80000, 0x0000000800000000)
  eden space 22016K, 97% used [0x00000007d5580000,0x00000007d6a5eb00,0x00000007d6b00000)
  from space 1536K, 83% used [0x00000007d6d00000,0x00000007d6e427a0,0x00000007d6e80000)
  to   space 1536K, 0% used [0x00000007d6b80000,0x00000007d6b80000,0x00000007d6d00000)
 ParOldGen       total 68608K, used 45514K [0x0000000780000000, 0x0000000784300000, 0x00000007d5580000)
  object space 68608K, 66% used [0x0000000780000000,0x0000000782c72b98,0x0000000784300000)
 Metaspace       used 58489K, committed 59840K, reserved 1114112K
  class space    used 6220K, committed 6784K, reserved 1048576K
}
Event: 4.767 GC heap after
{Heap after GC invocations=39 (full 2):
 PSYoungGen      total 23552K, used 1382K [0x00000007d5580000, 0x00000007d6e00000, 0x0000000800000000)
  eden space 22016K, 0% used [0x00000007d5580000,0x00000007d5580000,0x00000007d6b00000)
  from space 1536K, 90% used [0x00000007d6b80000,0x00000007d6cd9a20,0x00000007d6d00000)
  to   space 1024K, 0% used [0x00000007d6d00000,0x00000007d6d00000,0x00000007d6e00000)
 ParOldGen       total 68608K, used 46170K [0x0000000780000000, 0x0000000784300000, 0x00000007d5580000)
  object space 68608K, 67% used [0x0000000780000000,0x0000000782d16a08,0x0000000784300000)
 Metaspace       used 58489K, committed 59840K, reserved 1114112K
  class space    used 6220K, committed 6784K, reserved 1048576K
}
Event: 4.801 GC heap before
{Heap before GC invocations=40 (full 2):
 PSYoungGen      total 23552K, used 3996K [0x00000007d5580000, 0x00000007d6e00000, 0x0000000800000000)
  eden space 22016K, 11% used [0x00000007d5580000,0x00000007d580d820,0x00000007d6b00000)
  from space 1536K, 90% used [0x00000007d6b80000,0x00000007d6cd9a20,0x00000007d6d00000)
  to   space 1024K, 0% used [0x00000007d6d00000,0x00000007d6d00000,0x00000007d6e00000)
 ParOldGen       total 68608K, used 46170K [0x0000000780000000, 0x0000000784300000, 0x00000007d5580000)
  object space 68608K, 67% used [0x0000000780000000,0x0000000782d16a08,0x0000000784300000)
 Metaspace       used 58738K, committed 60096K, reserved 1114112K
  class space    used 6245K, committed 6848K, reserved 1048576K
}
Event: 4.813 GC heap after
{Heap after GC invocations=40 (full 2):
 PSYoungGen      total 22528K, used 480K [0x00000007d5580000, 0x00000007d6d80000, 0x0000000800000000)
  eden space 22016K, 0% used [0x00000007d5580000,0x00000007d5580000,0x00000007d6b00000)
  from space 512K, 93% used [0x00000007d6d00000,0x00000007d6d78020,0x00000007d6d80000)
  to   space 1024K, 0% used [0x00000007d6b80000,0x00000007d6b80000,0x00000007d6c80000)
 ParOldGen       total 68608K, used 47332K [0x0000000780000000, 0x0000000784300000, 0x00000007d5580000)
  object space 68608K, 68% used [0x0000000780000000,0x0000000782e39000,0x0000000784300000)
 Metaspace       used 58738K, committed 60096K, reserved 1114112K
  class space    used 6245K, committed 6848K, reserved 1048576K
}
Event: 4.813 GC heap before
{Heap before GC invocations=41 (full 3):
 PSYoungGen      total 22528K, used 480K [0x00000007d5580000, 0x00000007d6d80000, 0x0000000800000000)
  eden space 22016K, 0% used [0x00000007d5580000,0x00000007d5580000,0x00000007d6b00000)
  from space 512K, 93% used [0x00000007d6d00000,0x00000007d6d78020,0x00000007d6d80000)
  to   space 1024K, 0% used [0x00000007d6b80000,0x00000007d6b80000,0x00000007d6c80000)
 ParOldGen       total 68608K, used 47332K [0x0000000780000000, 0x0000000784300000, 0x00000007d5580000)
  object space 68608K, 68% used [0x0000000780000000,0x0000000782e39000,0x0000000784300000)
 Metaspace       used 58738K, committed 60096K, reserved 1114112K
  class space    used 6245K, committed 6848K, reserved 1048576K
}

