# JRE version: OpenJDK Runtime Environment Temurin-21.0.8+9 (21.0.8+9) (build 21.0.8+9-LTS)
# Java VM: OpenJDK 64-Bit Server VM Temurin-21.0.8+9 (21.0.8+9-LTS, mixed mode, sharing, tiered, compressed oops, compressed class ptrs, parallel gc, bsd-amd64)
GC Precious Log:
 CardTable entry size: 512
 CPUs: 16 total, 16 available
 Memory: 65536M
 Large Page Support: Disabled
 NUMA Support: Disabled
 Compressed Oops: Enabled (Zero based)
 Alignments: Space 512K, Generation 512K, Heap 2M
 Heap Min Capacity: 100M
 Heap Initial Capacity: 100M
 Heap Max Capacity: 2G
 Pre-touch: Disabled
 Parallel Workers: 13
Heap:
 PSYoungGen      total 2048K, used 812K [0x00000007d5580000, 0x00000007d5900000, 0x0000000800000000)
  eden space 1536K, 20% used [0x00000007d5580000,0x00000007d55cedf0,0x00000007d5700000)
  from space 512K, 97% used [0x00000007d5780000,0x00000007d57fc358,0x00000007d5800000)
  to   space 1024K, 0% used [0x00000007d5800000,0x00000007d5800000,0x00000007d5900000)
 ParOldGen       total 229376K, used 229183K [0x0000000780000000, 0x000000078e000000, 0x00000007d5580000)
  object space 229376K, 99% used [0x0000000780000000,0x000000078dfcfc40,0x000000078e000000)
 Metaspace       used 74757K, committed 76288K, reserved 1179648K
  class space    used 7813K, committed 8512K, reserved 1048576K
GC Heap History (20 events):
Event: 214.834 GC heap before
{Heap before GC invocations=227 (full 3):
 PSYoungGen      total 3072K, used 2362K [0x00000007d5580000, 0x00000007d5980000, 0x0000000800000000)
  eden space 2048K, 99% used [0x00000007d5580000,0x00000007d577ea10,0x00000007d5780000)
  from space 1024K, 31% used [0x00000007d5780000,0x00000007d57d0000,0x00000007d5880000)
  to   space 512K, 0% used [0x00000007d5900000,0x00000007d5900000,0x00000007d5980000)
 ParOldGen       total 213504K, used 213284K [0x0000000780000000, 0x000000078d080000, 0x00000007d5580000)
  object space 213504K, 99% used [0x0000000780000000,0x000000078d049398,0x000000078d080000)
 Metaspace       used 74715K, committed 76288K, reserved 1179648K
  class space    used 7810K, committed 8512K, reserved 1048576K
}
Event: 214.835 GC heap after
{Heap after GC invocations=227 (full 3):
 PSYoungGen      total 1536K, used 493K [0x00000007d5580000, 0x00000007d5d00000, 0x0000000800000000)
  eden space 1024K, 0% used [0x00000007d5580000,0x00000007d5580000,0x00000007d5680000)
  from space 512K, 96% used [0x00000007d5900000,0x00000007d597b5b8,0x00000007d5980000)
  to   space 2560K, 0% used [0x00000007d5680000,0x00000007d5680000,0x00000007d5900000)
 ParOldGen       total 215040K, used 214854K [0x0000000780000000, 0x000000078d200000, 0x00000007d5580000)
  object space 215040K, 99% used [0x0000000780000000,0x000000078d1d1a58,0x000000078d200000)
 Metaspace       used 74715K, committed 76288K, reserved 1179648K
  class space    used 7810K, committed 8512K, reserved 1048576K
}
Event: 214.839 GC heap before
{Heap before GC invocations=228 (full 3):
 PSYoungGen      total 1536K, used 1517K [0x00000007d5580000, 0x00000007d5d00000, 0x0000000800000000)
  eden space 1024K, 100% used [0x00000007d5580000,0x00000007d5680000,0x00000007d5680000)
  from space 512K, 96% used [0x00000007d5900000,0x00000007d597b5b8,0x00000007d5980000)
  to   space 2560K, 0% used [0x00000007d5680000,0x00000007d5680000,0x00000007d5900000)
 ParOldGen       total 215040K, used 214854K [0x0000000780000000, 0x000000078d200000, 0x00000007d5580000)
  object space 215040K, 99% used [0x0000000780000000,0x000000078d1d1a58,0x000000078d200000)
 Metaspace       used 74716K, committed 76288K, reserved 1179648K
  class space    used 7810K, committed 8512K, reserved 1048576K
}
Event: 214.840 GC heap after
{Heap after GC invocations=228 (full 3):
 PSYoungGen      total 1536K, used 480K [0x00000007d5580000, 0x00000007d5a00000, 0x0000000800000000)
  eden space 1024K, 0% used [0x00000007d5580000,0x00000007d5580000,0x00000007d5680000)
  from space 512K, 93% used [0x00000007d5680000,0x00000007d56f8000,0x00000007d5700000)
  to   space 1536K, 0% used [0x00000007d5880000,0x00000007d5880000,0x00000007d5a00000)
 ParOldGen       total 215040K, used 215011K [0x0000000780000000, 0x000000078d200000, 0x00000007d5580000)
  object space 215040K, 99% used [0x0000000780000000,0x000000078d1f8c20,0x000000078d200000)
 Metaspace       used 74716K, committed 76288K, reserved 1179648K
  class space    used 7810K, committed 8512K, reserved 1048576K
}
Event: 214.850 GC heap before
{Heap before GC invocations=229 (full 3):
 PSYoungGen      total 1536K, used 1471K [0x00000007d5580000, 0x00000007d5a00000, 0x0000000800000000)
  eden space 1024K, 96% used [0x00000007d5580000,0x00000007d5677da8,0x00000007d5680000)
  from space 512K, 93% used [0x00000007d5680000,0x00000007d56f8000,0x00000007d5700000)
  to   space 1536K, 0% used [0x00000007d5880000,0x00000007d5880000,0x00000007d5a00000)
 ParOldGen       total 216576K, used 216494K [0x0000000780000000, 0x000000078d380000, 0x00000007d5580000)
  object space 216576K, 99% used [0x0000000780000000,0x000000078d36b8a0,0x000000078d380000)
 Metaspace       used 74717K, committed 76288K, reserved 1179648K
  class space    used 7810K, committed 8512K, reserved 1048576K
}
Event: 214.851 GC heap after
{Heap after GC invocations=229 (full 3):
 PSYoungGen      total 2048K, used 877K [0x00000007d5580000, 0x00000007d5980000, 0x0000000800000000)
  eden space 1024K, 0% used [0x00000007d5580000,0x00000007d5580000,0x00000007d5680000)
  from space 1024K, 85% used [0x00000007d5880000,0x00000007d595b638,0x00000007d5980000)
  to   space 1024K, 0% used [0x00000007d5780000,0x00000007d5780000,0x00000007d5880000)
 ParOldGen       total 217088K, used 216838K [0x0000000780000000, 0x000000078d400000, 0x00000007d5580000)
  object space 217088K, 99% used [0x0000000780000000,0x000000078d3c18a0,0x000000078d400000)
 Metaspace       used 74717K, committed 76288K, reserved 1179648K
  class space    used 7810K, committed 8512K, reserved 1048576K
}
Event: 214.859 GC heap before
{Heap before GC invocations=230 (full 3):
 PSYoungGen      total 2048K, used 1901K [0x00000007d5580000, 0x00000007d5980000, 0x0000000800000000)
  eden space 1024K, 100% used [0x00000007d5580000,0x00000007d5680000,0x00000007d5680000)
  from space 1024K, 85% used [0x00000007d5880000,0x00000007d595b638,0x00000007d5980000)
  to   space 1024K, 0% used [0x00000007d5780000,0x00000007d5780000,0x00000007d5880000)
 ParOldGen       total 217088K, used 216838K [0x0000000780000000, 0x000000078d400000, 0x00000007d5580000)
  object space 217088K, 99% used [0x0000000780000000,0x000000078d3c18a0,0x000000078d400000)
 Metaspace       used 74728K, committed 76288K, reserved 1179648K
  class space    used 7811K, committed 8512K, reserved 1048576K
}
Event: 214.861 GC heap after
{Heap after GC invocations=230 (full 3):
 PSYoungGen      total 2048K, used 997K [0x00000007d5580000, 0x00000007d5a80000, 0x0000000800000000)
  eden space 1024K, 0% used [0x00000007d5580000,0x00000007d5580000,0x00000007d5680000)
  from space 1024K, 97% used [0x00000007d5780000,0x00000007d5879730,0x00000007d5880000)
  to   space 2048K, 0% used [0x00000007d5880000,0x00000007d5880000,0x00000007d5a80000)
 ParOldGen       total 217600K, used 217473K [0x0000000780000000, 0x000000078d480000, 0x00000007d5580000)
  object space 217600K, 99% used [0x0000000780000000,0x000000078d460460,0x000000078d480000)
 Metaspace       used 74728K, committed 76288K, reserved 1179648K
  class space    used 7811K, committed 8512K, reserved 1048576K
}
Event: 214.863 GC heap before
{Heap before GC invocations=231 (full 3):
 PSYoungGen      total 2048K, used 2021K [0x00000007d5580000, 0x00000007d5a80000, 0x0000000800000000)
  eden space 1024K, 100% used [0x00000007d5580000,0x00000007d5680000,0x00000007d5680000)
  from space 1024K, 97% used [0x00000007d5780000,0x00000007d5879730,0x00000007d5880000)
  to   space 2048K, 0% used [0x00000007d5880000,0x00000007d5880000,0x00000007d5a80000)
 ParOldGen       total 217600K, used 217473K [0x0000000780000000, 0x000000078d480000, 0x00000007d5580000)
  object space 217600K, 99% used [0x0000000780000000,0x000000078d460460,0x000000078d480000)
 Metaspace       used 74731K, committed 76288K, reserved 1179648K
  class space    used 7811K, committed 8512K, reserved 1048576K
}
Event: 214.865 GC heap after
{Heap after GC invocations=231 (full 3):
 PSYoungGen      total 2048K, used 505K [0x00000007d5580000, 0x00000007d5900000, 0x0000000800000000)
  eden space 1536K, 0% used [0x00000007d5580000,0x00000007d5580000,0x00000007d5700000)
  from space 512K, 98% used [0x00000007d5880000,0x00000007d58fe5d8,0x00000007d5900000)
  to   space 1024K, 0% used [0x00000007d5700000,0x00000007d5700000,0x00000007d5800000)
 ParOldGen       total 219648K, used 219262K [0x0000000780000000, 0x000000078d680000, 0x00000007d5580000)
  object space 219648K, 99% used [0x0000000780000000,0x000000078d61f878,0x000000078d680000)
 Metaspace       used 74731K, committed 76288K, reserved 1179648K
  class space    used 7811K, committed 8512K, reserved 1048576K
}
Event: 214.869 GC heap before
{Heap before GC invocations=232 (full 3):
 PSYoungGen      total 2048K, used 2041K [0x00000007d5580000, 0x00000007d5900000, 0x0000000800000000)
  eden space 1536K, 100% used [0x00000007d5580000,0x00000007d5700000,0x00000007d5700000)
  from space 512K, 98% used [0x00000007d5880000,0x00000007d58fe5d8,0x00000007d5900000)
  to   space 1024K, 0% used [0x00000007d5700000,0x00000007d5700000,0x00000007d5800000)
 ParOldGen       total 219648K, used 219262K [0x0000000780000000, 0x000000078d680000, 0x00000007d5580000)
  object space 219648K, 99% used [0x0000000780000000,0x000000078d61f878,0x000000078d680000)
 Metaspace       used 74731K, committed 76288K, reserved 1179648K
  class space    used 7811K, committed 8512K, reserved 1048576K
}
Event: 214.870 GC heap after
{Heap after GC invocations=232 (full 3):
 PSYoungGen      total 2560K, used 320K [0x00000007d5580000, 0x00000007d5900000, 0x0000000800000000)
  eden space 1536K, 0% used [0x00000007d5580000,0x00000007d5580000,0x00000007d5700000)
  from space 1024K, 31% used [0x00000007d5700000,0x00000007d5750000,0x00000007d5800000)
  to   space 512K, 0% used [0x00000007d5880000,0x00000007d5880000,0x00000007d5900000)
 ParOldGen       total 219648K, used 219398K [0x0000000780000000, 0x000000078d680000, 0x00000007d5580000)
  object space 219648K, 99% used [0x0000000780000000,0x000000078d641888,0x000000078d680000)
 Metaspace       used 74731K, committed 76288K, reserved 1179648K
  class space    used 7811K, committed 8512K, reserved 1048576K
}
Event: 214.878 GC heap before
{Heap before GC invocations=233 (full 3):
 PSYoungGen      total 2560K, used 1856K [0x00000007d5580000, 0x00000007d5900000, 0x0000000800000000)
  eden space 1536K, 100% used [0x00000007d5580000,0x00000007d5700000,0x00000007d5700000)
  from space 1024K, 31% used [0x00000007d5700000,0x00000007d5750000,0x00000007d5800000)
  to   space 512K, 0% used [0x00000007d5880000,0x00000007d5880000,0x00000007d5900000)
 ParOldGen       total 221184K, used 220881K [0x0000000780000000, 0x000000078d800000, 0x00000007d5580000)
  object space 221184K, 99% used [0x0000000780000000,0x000000078d7b4508,0x000000078d800000)
 Metaspace       used 74732K, committed 76288K, reserved 1179648K
  class space    used 7811K, committed 8512K, reserved 1048576K
}
Event: 214.879 GC heap after
{Heap after GC invocations=233 (full 3):
 PSYoungGen      total 2048K, used 512K [0x00000007d5580000, 0x00000007d5900000, 0x0000000800000000)
  eden space 1536K, 0% used [0x00000007d5580000,0x00000007d5580000,0x00000007d5700000)
  from space 512K, 100% used [0x00000007d5880000,0x00000007d5900000,0x00000007d5900000)
  to   space 1024K, 0% used [0x00000007d5700000,0x00000007d5700000,0x00000007d5800000)
 ParOldGen       total 221184K, used 221023K [0x0000000780000000, 0x000000078d800000, 0x00000007d5580000)
  object space 221184K, 99% used [0x0000000780000000,0x000000078d7d7f48,0x000000078d800000)
 Metaspace       used 74732K, committed 76288K, reserved 1179648K
  class space    used 7811K, committed 8512K, reserved 1048576K
}
Event: 214.890 GC heap before
{Heap before GC invocations=234 (full 3):
 PSYoungGen      total 2048K, used 1984K [0x00000007d5580000, 0x00000007d5900000, 0x0000000800000000)
  eden space 1536K, 95% used [0x00000007d5580000,0x00000007d56f03b8,0x00000007d5700000)
  from space 512K, 100% used [0x00000007d5880000,0x00000007d5900000,0x00000007d5900000)
  to   space 1024K, 0% used [0x00000007d5700000,0x00000007d5700000,0x00000007d5800000)
 ParOldGen       total 222720K, used 222506K [0x0000000780000000, 0x000000078d980000, 0x00000007d5580000)
  object space 222720K, 99% used [0x0000000780000000,0x000000078d94abc8,0x000000078d980000)
 Metaspace       used 74732K, committed 76288K, reserved 1179648K
  class space    used 7811K, committed 8512K, reserved 1048576K
}
Event: 214.891 GC heap after
{Heap after GC invocations=234 (full 3):
 PSYoungGen      total 2560K, used 964K [0x00000007d5580000, 0x00000007d5a00000, 0x0000000800000000)
  eden space 1536K, 0% used [0x00000007d5580000,0x00000007d5580000,0x00000007d5700000)
  from space 1024K, 94% used [0x00000007d5700000,0x00000007d57f1270,0x00000007d5800000)
  to   space 1536K, 0% used [0x00000007d5880000,0x00000007d5880000,0x00000007d5a00000)
 ParOldGen       total 223232K, used 222962K [0x0000000780000000, 0x000000078da00000, 0x00000007d5580000)
  object space 223232K, 99% used [0x0000000780000000,0x000000078d9bcbc8,0x000000078da00000)
 Metaspace       used 74732K, committed 76288K, reserved 1179648K
  class space    used 7811K, committed 8512K, reserved 1048576K
}
Event: 214.907 GC heap before
{Heap before GC invocations=235 (full 3):
 PSYoungGen      total 2560K, used 2500K [0x00000007d5580000, 0x00000007d5a00000, 0x0000000800000000)
  eden space 1536K, 99% used [0x00000007d5580000,0x00000007d56fffe0,0x00000007d5700000)
  from space 1024K, 94% used [0x00000007d5700000,0x00000007d57f1270,0x00000007d5800000)
  to   space 1536K, 0% used [0x00000007d5880000,0x00000007d5880000,0x00000007d5a00000)
 ParOldGen       total 223232K, used 222962K [0x0000000780000000, 0x000000078da00000, 0x00000007d5580000)
  object space 223232K, 99% used [0x0000000780000000,0x000000078d9bcbc8,0x000000078da00000)
 Metaspace       used 74748K, committed 76288K, reserved 1179648K
  class space    used 7813K, committed 8512K, reserved 1048576K
}
Event: 214.908 GC heap after
{Heap after GC invocations=235 (full 3):
 PSYoungGen      total 2560K, used 905K [0x00000007d5580000, 0x00000007d5980000, 0x0000000800000000)
  eden space 1536K, 0% used [0x00000007d5580000,0x00000007d5580000,0x00000007d5700000)
  from space 1024K, 88% used [0x00000007d5880000,0x00000007d5962400,0x00000007d5980000)
  to   space 1024K, 0% used [0x00000007d5700000,0x00000007d5700000,0x00000007d5800000)
 ParOldGen       total 223744K, used 223557K [0x0000000780000000, 0x000000078da80000, 0x00000007d5580000)
  object space 223744K, 99% used [0x0000000780000000,0x000000078da51748,0x000000078da80000)
 Metaspace       used 74748K, committed 76288K, reserved 1179648K
  class space    used 7813K, committed 8512K, reserved 1048576K
}
Event: 214.915 GC heap before
{Heap before GC invocations=236 (full 3):
 PSYoungGen      total 2560K, used 2435K [0x00000007d5580000, 0x00000007d5980000, 0x0000000800000000)
  eden space 1536K, 99% used [0x00000007d5580000,0x00000007d56feb10,0x00000007d5700000)
  from space 1024K, 88% used [0x00000007d5880000,0x00000007d5962400,0x00000007d5980000)
  to   space 1024K, 0% used [0x00000007d5700000,0x00000007d5700000,0x00000007d5800000)
 ParOldGen       total 225280K, used 225040K [0x0000000780000000, 0x000000078dc00000, 0x00000007d5580000)
  object space 225280K, 99% used [0x0000000780000000,0x000000078dbc43c8,0x000000078dc00000)
 Metaspace       used 74749K, committed 76288K, reserved 1179648K
  class space    used 7813K, committed 8512K, reserved 1048576K
}
Event: 214.916 GC heap after
{Heap after GC invocations=236 (full 3):
 PSYoungGen      total 2560K, used 352K [0x00000007d5580000, 0x00000007d5900000, 0x0000000800000000)
  eden space 1536K, 0% used [0x00000007d5580000,0x00000007d5580000,0x00000007d5700000)
  from space 1024K, 34% used [0x00000007d5700000,0x00000007d5758000,0x00000007d5800000)
  to   space 1024K, 0% used [0x00000007d5800000,0x00000007d5800000,0x00000007d5900000)
 ParOldGen       total 225792K, used 225555K [0x0000000780000000, 0x000000078dc80000, 0x00000007d5580000)
  object space 225792K, 99% used [0x0000000780000000,0x000000078dc44eb0,0x000000078dc80000)
 Metaspace       used 74749K, committed 76288K, reserved 1179648K
  class space    used 7813K, committed 8512K, reserved 1048576K
}

