# JRE version: OpenJDK Runtime Environment Temurin-21.0.8+9 (21.0.8+9) (build 21.0.8+9-LTS)
# Java VM: OpenJDK 64-Bit Server VM Temurin-21.0.8+9 (21.0.8+9-LTS, mixed mode, sharing, tiered, compressed oops, compressed class ptrs, parallel gc, bsd-amd64)
GC Precious Log:
 CardTable entry size: 512
 CPUs: 16 total, 16 available
 Memory: 65536M
 Large Page Support: Disabled
 NUMA Support: Disabled
 Compressed Oops: Enabled (Zero based)
 Alignments: Space 512K, Generation 512K, Heap 2M
 Heap Min Capacity: 100M
 Heap Initial Capacity: 100M
 Heap Max Capacity: 2G
 Pre-touch: Disabled
 Parallel Workers: 13
Heap:
 PSYoungGen      total 21504K, used 17232K [0x00000007d5580000, 0x00000007d6f80000, 0x0000000800000000)
  eden space 20480K, 81% used [0x00000007d5580000,0x00000007d65c2390,0x00000007d6980000)
  from space 1024K, 57% used [0x00000007d6e80000,0x00000007d6f12000,0x00000007d6f80000)
  to   space 1024K, 0% used [0x00000007d6d80000,0x00000007d6d80000,0x00000007d6e80000)
 ParOldGen       total 68608K, used 43369K [0x0000000780000000, 0x0000000784300000, 0x00000007d5580000)
  object space 68608K, 63% used [0x0000000780000000,0x0000000782a5a630,0x0000000784300000)
 Metaspace       used 57040K, committed 58176K, reserved 1114112K
  class space    used 6174K, committed 6656K, reserved 1048576K
GC Heap History (20 events):
Event: 5.842 GC heap before
{Heap before GC invocations=23 (full 2):
 PSYoungGen      total 21504K, used 21472K [0x00000007d5580000, 0x00000007d7200000, 0x0000000800000000)
  eden space 20480K, 100% used [0x00000007d5580000,0x00000007d6980000,0x00000007d6980000)
  from space 1024K, 96% used [0x00000007d6d00000,0x00000007d6df8030,0x00000007d6e00000)
  to   space 3584K, 0% used [0x00000007d6980000,0x00000007d6980000,0x00000007d6d00000)
 ParOldGen       total 68608K, used 27136K [0x0000000780000000, 0x0000000784300000, 0x00000007d5580000)
  object space 68608K, 39% used [0x0000000780000000,0x0000000781a80008,0x0000000784300000)
 Metaspace       used 50548K, committed 51648K, reserved 1114112K
  class space    used 5545K, committed 6016K, reserved 1048576K
}
Event: 5.845 GC heap after
{Heap after GC invocations=23 (full 2):
 PSYoungGen      total 23040K, used 2144K [0x00000007d5580000, 0x00000007d6e80000, 0x0000000800000000)
  eden space 20480K, 0% used [0x00000007d5580000,0x00000007d5580000,0x00000007d6980000)
  from space 2560K, 83% used [0x00000007d6980000,0x00000007d6b98010,0x00000007d6c00000)
  to   space 2560K, 0% used [0x00000007d6c00000,0x00000007d6c00000,0x00000007d6e80000)
 ParOldGen       total 68608K, used 28154K [0x0000000780000000, 0x0000000784300000, 0x00000007d5580000)
  object space 68608K, 41% used [0x0000000780000000,0x0000000781b7e958,0x0000000784300000)
 Metaspace       used 50548K, committed 51648K, reserved 1114112K
  class space    used 5545K, committed 6016K, reserved 1048576K
}
Event: 5.930 GC heap before
{Heap before GC invocations=24 (full 2):
 PSYoungGen      total 23040K, used 22624K [0x00000007d5580000, 0x00000007d6e80000, 0x0000000800000000)
  eden space 20480K, 100% used [0x00000007d5580000,0x00000007d6980000,0x00000007d6980000)
  from space 2560K, 83% used [0x00000007d6980000,0x00000007d6b98010,0x00000007d6c00000)
  to   space 2560K, 0% used [0x00000007d6c00000,0x00000007d6c00000,0x00000007d6e80000)
 ParOldGen       total 68608K, used 28154K [0x0000000780000000, 0x0000000784300000, 0x00000007d5580000)
  object space 68608K, 41% used [0x0000000780000000,0x0000000781b7e958,0x0000000784300000)
 Metaspace       used 50932K, committed 52032K, reserved 1114112K
  class space    used 5602K, committed 6080K, reserved 1048576K
}
Event: 5.943 GC heap after
{Heap after GC invocations=24 (full 2):
 PSYoungGen      total 23040K, used 2434K [0x00000007d5580000, 0x00000007d6e80000, 0x0000000800000000)
  eden space 20480K, 0% used [0x00000007d5580000,0x00000007d5580000,0x00000007d6980000)
  from space 2560K, 95% used [0x00000007d6c00000,0x00000007d6e60820,0x00000007d6e80000)
  to   space 2560K, 0% used [0x00000007d6980000,0x00000007d6980000,0x00000007d6c00000)
 ParOldGen       total 68608K, used 29946K [0x0000000780000000, 0x0000000784300000, 0x00000007d5580000)
  object space 68608K, 43% used [0x0000000780000000,0x0000000781d3e958,0x0000000784300000)
 Metaspace       used 50932K, committed 52032K, reserved 1114112K
  class space    used 5602K, committed 6080K, reserved 1048576K
}
Event: 6.020 GC heap before
{Heap before GC invocations=25 (full 2):
 PSYoungGen      total 23040K, used 22914K [0x00000007d5580000, 0x00000007d6e80000, 0x0000000800000000)
  eden space 20480K, 100% used [0x00000007d5580000,0x00000007d6980000,0x00000007d6980000)
  from space 2560K, 95% used [0x00000007d6c00000,0x00000007d6e60820,0x00000007d6e80000)
  to   space 2560K, 0% used [0x00000007d6980000,0x00000007d6980000,0x00000007d6c00000)
 ParOldGen       total 68608K, used 29946K [0x0000000780000000, 0x0000000784300000, 0x00000007d5580000)
  object space 68608K, 43% used [0x0000000780000000,0x0000000781d3e958,0x0000000784300000)
 Metaspace       used 50947K, committed 52096K, reserved 1114112K
  class space    used 5602K, committed 6080K, reserved 1048576K
}
Event: 6.023 GC heap after
{Heap after GC invocations=25 (full 2):
 PSYoungGen      total 23040K, used 2080K [0x00000007d5580000, 0x00000007d6e80000, 0x0000000800000000)
  eden space 20480K, 0% used [0x00000007d5580000,0x00000007d5580000,0x00000007d6980000)
  from space 2560K, 81% used [0x00000007d6980000,0x00000007d6b88000,0x00000007d6c00000)
  to   space 2560K, 0% used [0x00000007d6c00000,0x00000007d6c00000,0x00000007d6e80000)
 ParOldGen       total 68608K, used 32128K [0x0000000780000000, 0x0000000784300000, 0x00000007d5580000)
  object space 68608K, 46% used [0x0000000780000000,0x0000000781f602c0,0x0000000784300000)
 Metaspace       used 50947K, committed 52096K, reserved 1114112K
  class space    used 5602K, committed 6080K, reserved 1048576K
}
Event: 6.076 GC heap before
{Heap before GC invocations=26 (full 2):
 PSYoungGen      total 23040K, used 22560K [0x00000007d5580000, 0x00000007d6e80000, 0x0000000800000000)
  eden space 20480K, 100% used [0x00000007d5580000,0x00000007d6980000,0x00000007d6980000)
  from space 2560K, 81% used [0x00000007d6980000,0x00000007d6b88000,0x00000007d6c00000)
  to   space 2560K, 0% used [0x00000007d6c00000,0x00000007d6c00000,0x00000007d6e80000)
 ParOldGen       total 68608K, used 32128K [0x0000000780000000, 0x0000000784300000, 0x00000007d5580000)
  object space 68608K, 46% used [0x0000000780000000,0x0000000781f602c0,0x0000000784300000)
 Metaspace       used 50950K, committed 52096K, reserved 1114112K
  class space    used 5602K, committed 6080K, reserved 1048576K
}
Event: 6.080 GC heap after
{Heap after GC invocations=26 (full 2):
 PSYoungGen      total 23040K, used 2084K [0x00000007d5580000, 0x00000007d6e80000, 0x0000000800000000)
  eden space 20480K, 0% used [0x00000007d5580000,0x00000007d5580000,0x00000007d6980000)
  from space 2560K, 81% used [0x00000007d6c00000,0x00000007d6e09000,0x00000007d6e80000)
  to   space 2560K, 0% used [0x00000007d6980000,0x00000007d6980000,0x00000007d6c00000)
 ParOldGen       total 68608K, used 33984K [0x0000000780000000, 0x0000000784300000, 0x00000007d5580000)
  object space 68608K, 49% used [0x0000000780000000,0x00000007821302c0,0x0000000784300000)
 Metaspace       used 50950K, committed 52096K, reserved 1114112K
  class space    used 5602K, committed 6080K, reserved 1048576K
}
Event: 6.146 GC heap before
{Heap before GC invocations=27 (full 2):
 PSYoungGen      total 23040K, used 22564K [0x00000007d5580000, 0x00000007d6e80000, 0x0000000800000000)
  eden space 20480K, 100% used [0x00000007d5580000,0x00000007d6980000,0x00000007d6980000)
  from space 2560K, 81% used [0x00000007d6c00000,0x00000007d6e09000,0x00000007d6e80000)
  to   space 2560K, 0% used [0x00000007d6980000,0x00000007d6980000,0x00000007d6c00000)
 ParOldGen       total 68608K, used 33984K [0x0000000780000000, 0x0000000784300000, 0x00000007d5580000)
  object space 68608K, 49% used [0x0000000780000000,0x00000007821302c0,0x0000000784300000)
 Metaspace       used 50986K, committed 52096K, reserved 1114112K
  class space    used 5605K, committed 6080K, reserved 1048576K
}
Event: 6.148 GC heap after
{Heap after GC invocations=27 (full 2):
 PSYoungGen      total 23040K, used 2048K [0x00000007d5580000, 0x00000007d6e80000, 0x0000000800000000)
  eden space 20480K, 0% used [0x00000007d5580000,0x00000007d5580000,0x00000007d6980000)
  from space 2560K, 80% used [0x00000007d6980000,0x00000007d6b80010,0x00000007d6c00000)
  to   space 2560K, 0% used [0x00000007d6c00000,0x00000007d6c00000,0x00000007d6e80000)
 ParOldGen       total 68608K, used 35878K [0x0000000780000000, 0x0000000784300000, 0x00000007d5580000)
  object space 68608K, 52% used [0x0000000780000000,0x0000000782309ad8,0x0000000784300000)
 Metaspace       used 50986K, committed 52096K, reserved 1114112K
  class space    used 5605K, committed 6080K, reserved 1048576K
}
Event: 6.200 GC heap before
{Heap before GC invocations=28 (full 2):
 PSYoungGen      total 23040K, used 22528K [0x00000007d5580000, 0x00000007d6e80000, 0x0000000800000000)
  eden space 20480K, 100% used [0x00000007d5580000,0x00000007d6980000,0x00000007d6980000)
  from space 2560K, 80% used [0x00000007d6980000,0x00000007d6b80010,0x00000007d6c00000)
  to   space 2560K, 0% used [0x00000007d6c00000,0x00000007d6c00000,0x00000007d6e80000)
 ParOldGen       total 68608K, used 35878K [0x0000000780000000, 0x0000000784300000, 0x00000007d5580000)
  object space 68608K, 52% used [0x0000000780000000,0x0000000782309ad8,0x0000000784300000)
 Metaspace       used 51067K, committed 52160K, reserved 1114112K
  class space    used 5606K, committed 6080K, reserved 1048576K
}
Event: 6.202 GC heap after
{Heap after GC invocations=28 (full 2):
 PSYoungGen      total 22528K, used 1856K [0x00000007d5580000, 0x00000007d6e00000, 0x0000000800000000)
  eden space 20480K, 0% used [0x00000007d5580000,0x00000007d5580000,0x00000007d6980000)
  from space 2048K, 90% used [0x00000007d6c00000,0x00000007d6dd0000,0x00000007d6e00000)
  to   space 2048K, 0% used [0x00000007d6a00000,0x00000007d6a00000,0x00000007d6c00000)
 ParOldGen       total 68608K, used 37862K [0x0000000780000000, 0x0000000784300000, 0x00000007d5580000)
  object space 68608K, 55% used [0x0000000780000000,0x00000007824f9ae8,0x0000000784300000)
 Metaspace       used 51067K, committed 52160K, reserved 1114112K
  class space    used 5606K, committed 6080K, reserved 1048576K
}
Event: 6.403 GC heap before
{Heap before GC invocations=29 (full 2):
 PSYoungGen      total 22528K, used 22336K [0x00000007d5580000, 0x00000007d6e00000, 0x0000000800000000)
  eden space 20480K, 100% used [0x00000007d5580000,0x00000007d6980000,0x00000007d6980000)
  from space 2048K, 90% used [0x00000007d6c00000,0x00000007d6dd0000,0x00000007d6e00000)
  to   space 2048K, 0% used [0x00000007d6a00000,0x00000007d6a00000,0x00000007d6c00000)
 ParOldGen       total 68608K, used 37862K [0x0000000780000000, 0x0000000784300000, 0x00000007d5580000)
  object space 68608K, 55% used [0x0000000780000000,0x00000007824f9ae8,0x0000000784300000)
 Metaspace       used 52779K, committed 53888K, reserved 1114112K
  class space    used 5771K, committed 6272K, reserved 1048576K
}
Event: 6.408 GC heap after
{Heap after GC invocations=29 (full 2):
 PSYoungGen      total 22528K, used 2040K [0x00000007d5580000, 0x00000007d7580000, 0x0000000800000000)
  eden space 20480K, 0% used [0x00000007d5580000,0x00000007d5580000,0x00000007d6980000)
  from space 2048K, 99% used [0x00000007d6a00000,0x00000007d6bfe010,0x00000007d6c00000)
  to   space 6144K, 0% used [0x00000007d6f80000,0x00000007d6f80000,0x00000007d7580000)
 ParOldGen       total 68608K, used 41111K [0x0000000780000000, 0x0000000784300000, 0x00000007d5580000)
  object space 68608K, 59% used [0x0000000780000000,0x0000000782825c10,0x0000000784300000)
 Metaspace       used 52779K, committed 53888K, reserved 1114112K
  class space    used 5771K, committed 6272K, reserved 1048576K
}
Event: 6.518 GC heap before
{Heap before GC invocations=30 (full 2):
 PSYoungGen      total 22528K, used 22520K [0x00000007d5580000, 0x00000007d7580000, 0x0000000800000000)
  eden space 20480K, 100% used [0x00000007d5580000,0x00000007d6980000,0x00000007d6980000)
  from space 2048K, 99% used [0x00000007d6a00000,0x00000007d6bfe010,0x00000007d6c00000)
  to   space 6144K, 0% used [0x00000007d6f80000,0x00000007d6f80000,0x00000007d7580000)
 ParOldGen       total 68608K, used 41111K [0x0000000780000000, 0x0000000784300000, 0x00000007d5580000)
  object space 68608K, 59% used [0x0000000780000000,0x0000000782825c10,0x0000000784300000)
 Metaspace       used 53606K, committed 54656K, reserved 1114112K
  class space    used 5860K, committed 6336K, reserved 1048576K
}
Event: 6.524 GC heap after
{Heap after GC invocations=30 (full 2):
 PSYoungGen      total 23040K, used 2196K [0x00000007d5580000, 0x00000007d7200000, 0x0000000800000000)
  eden space 20480K, 0% used [0x00000007d5580000,0x00000007d5580000,0x00000007d6980000)
  from space 2560K, 85% used [0x00000007d6f80000,0x00000007d71a5288,0x00000007d7200000)
  to   space 3584K, 0% used [0x00000007d6b00000,0x00000007d6b00000,0x00000007d6e80000)
 ParOldGen       total 68608K, used 43054K [0x0000000780000000, 0x0000000784300000, 0x00000007d5580000)
  object space 68608K, 62% used [0x0000000780000000,0x0000000782a0b950,0x0000000784300000)
 Metaspace       used 53606K, committed 54656K, reserved 1114112K
  class space    used 5860K, committed 6336K, reserved 1048576K
}
Event: 6.637 GC heap before
{Heap before GC invocations=31 (full 2):
 PSYoungGen      total 23040K, used 22676K [0x00000007d5580000, 0x00000007d7200000, 0x0000000800000000)
  eden space 20480K, 100% used [0x00000007d5580000,0x00000007d6980000,0x00000007d6980000)
  from space 2560K, 85% used [0x00000007d6f80000,0x00000007d71a5288,0x00000007d7200000)
  to   space 3584K, 0% used [0x00000007d6b00000,0x00000007d6b00000,0x00000007d6e80000)
 ParOldGen       total 68608K, used 43054K [0x0000000780000000, 0x0000000784300000, 0x00000007d5580000)
  object space 68608K, 62% used [0x0000000780000000,0x0000000782a0b950,0x0000000784300000)
 Metaspace       used 53840K, committed 54976K, reserved 1114112K
  class space    used 5867K, committed 6336K, reserved 1048576K
}
Event: 6.638 GC heap after
{Heap after GC invocations=31 (full 2):
 PSYoungGen      total 24064K, used 352K [0x00000007d5580000, 0x00000007d7000000, 0x0000000800000000)
  eden space 20480K, 0% used [0x00000007d5580000,0x00000007d5580000,0x00000007d6980000)
  from space 3584K, 9% used [0x00000007d6b00000,0x00000007d6b58000,0x00000007d6e80000)
  to   space 1536K, 0% used [0x00000007d6e80000,0x00000007d6e80000,0x00000007d7000000)
 ParOldGen       total 68608K, used 43321K [0x0000000780000000, 0x0000000784300000, 0x00000007d5580000)
  object space 68608K, 63% used [0x0000000780000000,0x0000000782a4e630,0x0000000784300000)
 Metaspace       used 53840K, committed 54976K, reserved 1114112K
  class space    used 5867K, committed 6336K, reserved 1048576K
}
Event: 6.836 GC heap before
{Heap before GC invocations=32 (full 2):
 PSYoungGen      total 24064K, used 20832K [0x00000007d5580000, 0x00000007d7000000, 0x0000000800000000)
  eden space 20480K, 100% used [0x00000007d5580000,0x00000007d6980000,0x00000007d6980000)
  from space 3584K, 9% used [0x00000007d6b00000,0x00000007d6b58000,0x00000007d6e80000)
  to   space 1536K, 0% used [0x00000007d6e80000,0x00000007d6e80000,0x00000007d7000000)
 ParOldGen       total 68608K, used 43321K [0x0000000780000000, 0x0000000784300000, 0x00000007d5580000)
  object space 68608K, 63% used [0x0000000780000000,0x0000000782a4e630,0x0000000784300000)
 Metaspace       used 55355K, committed 56512K, reserved 1114112K
  class space    used 6049K, committed 6528K, reserved 1048576K
}
Event: 6.843 GC heap after
{Heap after GC invocations=32 (full 2):
 PSYoungGen      total 21504K, used 584K [0x00000007d5580000, 0x00000007d6f80000, 0x0000000800000000)
  eden space 20480K, 0% used [0x00000007d5580000,0x00000007d5580000,0x00000007d6980000)
  from space 1024K, 57% used [0x00000007d6e80000,0x00000007d6f12000,0x00000007d6f80000)
  to   space 1024K, 0% used [0x00000007d6d80000,0x00000007d6d80000,0x00000007d6e80000)
 ParOldGen       total 68608K, used 43369K [0x0000000780000000, 0x0000000784300000, 0x00000007d5580000)
  object space 68608K, 63% used [0x0000000780000000,0x0000000782a5a630,0x0000000784300000)
 Metaspace       used 55355K, committed 56512K, reserved 1114112K
  class space    used 6049K, committed 6528K, reserved 1048576K
}

