# JRE version: OpenJDK Runtime Environment Temurin-21.0.8+9 (21.0.8+9) (build 21.0.8+9-LTS)
# Java VM: OpenJDK 64-Bit Server VM Temurin-21.0.8+9 (21.0.8+9-LTS, mixed mode, sharing, tiered, compressed oops, compressed class ptrs, parallel gc, bsd-amd64)
GC Precious Log:
 CardTable entry size: 512
 CPUs: 16 total, 16 available
 Memory: 65536M
 Large Page Support: Disabled
 NUMA Support: Disabled
 Compressed Oops: Enabled (Zero based)
 Alignments: Space 512K, Generation 512K, Heap 2M
 Heap Min Capacity: 100M
 Heap Initial Capacity: 100M
 Heap Max Capacity: 2G
 Pre-touch: Disabled
 Parallel Workers: 13
Heap:
 PSYoungGen      total 29696K, used 29669K [0x00000007d5580000, 0x00000007d7680000, 0x0000000800000000)
  eden space 25600K, 100% used [0x00000007d5580000,0x00000007d6e80000,0x00000007d6e80000)
  from space 4096K, 99% used [0x00000007d7280000,0x00000007d76797a0,0x00000007d7680000)
  to   space 4096K, 99% used [0x00000007d6e80000,0x00000007d727bd00,0x00000007d7280000)
 ParOldGen       total 68608K, used 41567K [0x0000000780000000, 0x0000000784300000, 0x00000007d5580000)
  object space 68608K, 60% used [0x0000000780000000,0x0000000782897d30,0x0000000784300000)
 Metaspace       used 9391K, committed 9728K, reserved 1114112K
  class space    used 1008K, committed 1152K, reserved 1048576K
GC Heap History (5 events):
Event: 0.757 GC heap before
{Heap before GC invocations=1 (full 0):
 PSYoungGen      total 29696K, used 25600K [0x00000007d5580000, 0x00000007d7680000, 0x0000000800000000)
  eden space 25600K, 100% used [0x00000007d5580000,0x00000007d6e80000,0x00000007d6e80000)
  from space 4096K, 0% used [0x00000007d7280000,0x00000007d7280000,0x00000007d7680000)
  to   space 4096K, 0% used [0x00000007d6e80000,0x00000007d6e80000,0x00000007d7280000)
 ParOldGen       total 68608K, used 1048K [0x0000000780000000, 0x0000000784300000, 0x00000007d5580000)
  object space 68608K, 1% used [0x0000000780000000,0x0000000780106030,0x0000000784300000)
 Metaspace       used 4139K, committed 4352K, reserved 1114112K
  class space    used 461K, committed 576K, reserved 1048576K
}
Event: 0.762 GC heap after
{Heap after GC invocations=1 (full 0):
 PSYoungGen      total 29696K, used 3547K [0x00000007d5580000, 0x00000007d7680000, 0x0000000800000000)
  eden space 25600K, 0% used [0x00000007d5580000,0x00000007d5580000,0x00000007d6e80000)
  from space 4096K, 86% used [0x00000007d6e80000,0x00000007d71f6da0,0x00000007d7280000)
  to   space 4096K, 0% used [0x00000007d7280000,0x00000007d7280000,0x00000007d7680000)
 ParOldGen       total 68608K, used 1056K [0x0000000780000000, 0x0000000784300000, 0x00000007d5580000)
  object space 68608K, 1% used [0x0000000780000000,0x0000000780108030,0x0000000784300000)
 Metaspace       used 4139K, committed 4352K, reserved 1114112K
  class space    used 461K, committed 576K, reserved 1048576K
}
Event: 1.293 GC heap before
{Heap before GC invocations=2 (full 0):
 PSYoungGen      total 29696K, used 29147K [0x00000007d5580000, 0x00000007d7680000, 0x0000000800000000)
  eden space 25600K, 100% used [0x00000007d5580000,0x00000007d6e80000,0x00000007d6e80000)
  from space 4096K, 86% used [0x00000007d6e80000,0x00000007d71f6da0,0x00000007d7280000)
  to   space 4096K, 0% used [0x00000007d7280000,0x00000007d7280000,0x00000007d7680000)
 ParOldGen       total 68608K, used 1056K [0x0000000780000000, 0x0000000784300000, 0x00000007d5580000)
  object space 68608K, 1% used [0x0000000780000000,0x0000000780108030,0x0000000784300000)
 Metaspace       used 7869K, committed 8192K, reserved 1114112K
  class space    used 825K, committed 960K, reserved 1048576K
}
Event: 1.301 GC heap after
{Heap after GC invocations=2 (full 0):
 PSYoungGen      total 29696K, used 4069K [0x00000007d5580000, 0x00000007d7680000, 0x0000000800000000)
  eden space 25600K, 0% used [0x00000007d5580000,0x00000007d5580000,0x00000007d6e80000)
  from space 4096K, 99% used [0x00000007d7280000,0x00000007d76797a0,0x00000007d7680000)
  to   space 4096K, 0% used [0x00000007d6e80000,0x00000007d6e80000,0x00000007d7280000)
 ParOldGen       total 68608K, used 2289K [0x0000000780000000, 0x0000000784300000, 0x00000007d5580000)
  object space 68608K, 3% used [0x0000000780000000,0x000000078023c6d8,0x0000000784300000)
 Metaspace       used 7869K, committed 8192K, reserved 1114112K
  class space    used 825K, committed 960K, reserved 1048576K
}
Event: 1.674 GC heap before
{Heap before GC invocations=3 (full 0):
 PSYoungGen      total 29696K, used 29669K [0x00000007d5580000, 0x00000007d7680000, 0x0000000800000000)
  eden space 25600K, 100% used [0x00000007d5580000,0x00000007d6e80000,0x00000007d6e80000)
  from space 4096K, 99% used [0x00000007d7280000,0x00000007d76797a0,0x00000007d7680000)
  to   space 4096K, 0% used [0x00000007d6e80000,0x00000007d6e80000,0x00000007d7280000)
 ParOldGen       total 68608K, used 2289K [0x0000000780000000, 0x0000000784300000, 0x00000007d5580000)
  object space 68608K, 3% used [0x0000000780000000,0x000000078023c6d8,0x0000000784300000)
 Metaspace       used 9391K, committed 9728K, reserved 1114112K
  class space    used 1008K, committed 1152K, reserved 1048576K
}

